<?xml version="1.0" encoding="UTF-8"?>
<testng-results skipped="0" failed="0" ignored="0" total="1" passed="1">
  <reporter-output>
  </reporter-output>
  <suite name="All Test Suite" duration-ms="23718" started-at="2022-06-29T11:18:04 IST" finished-at="2022-06-29T11:18:28 IST">
    <groups>
    </groups>
    <test name="test1" duration-ms="23718" started-at="2022-06-29T11:18:04 IST" finished-at="2022-06-29T11:18:28 IST">
      <class name="SelfHealing">
        <test-method status="PASS" signature="HealingTest()[pri:0, instance:SelfHealing@4232c52b]" name="HealingTest" duration-ms="23592" started-at="2022-06-29T11:18:04 IST" finished-at="2022-06-29T11:18:28 IST">
          <reporter-output>
          </reporter-output>
        </test-method> <!-- HealingTest -->
      </class> <!-- SelfHealing -->
    </test> <!-- test1 -->
  </suite> <!-- All Test Suite -->
</testng-results>
